   1              		.cpu arm7tdmi
   2              		.fpu softvfp
   3              		.eabi_attribute 20, 1
   4              		.eabi_attribute 21, 1
   5              		.eabi_attribute 23, 3
   6              		.eabi_attribute 24, 1
   7              		.eabi_attribute 25, 1
   8              		.eabi_attribute 26, 1
   9              		.eabi_attribute 30, 6
  10              		.eabi_attribute 18, 4
  11              		.file	"button.c"
  21              	.Ltext0:
  22              		.file 1 "../button.c"
 1952              		.align	2
 1955              	symbol:
 1956 0000 00000000 		.space	4
 1957              		.text
 1958              		.align	2
 1959              		.global	Eint4567_init
 1961              	Eint4567_init:
 1962              	.LFB0:
   1:../button.c   **** /*--- ficheros de cabecera ---*/
   2:../button.c   **** #include "44blib.h"
   3:../button.c   **** #include "44b.h"
   4:../button.c   **** #include "def.h"
   5:../button.c   **** /*--- variables globales ---*/
   6:../button.c   **** int symbol = 0;
   7:../button.c   **** /*--- funciones externas ---*/
   8:../button.c   **** //extern void D8Led_Symbol(int value);
   9:../button.c   **** /*--- declaracion de funciones ---*/
  10:../button.c   **** void Eint4567_ISR(void) __attribute__ ((interrupt ("IRQ")));
  11:../button.c   **** void Eint4567_init(void);
  12:../button.c   **** extern void leds_switch ();
  13:../button.c   **** extern void D8Led_symbol(int value);
  14:../button.c   **** extern int contador;
  15:../button.c   **** 
  16:../button.c   **** /*--- codigo de funciones ---*/
  17:../button.c   **** void Eint4567_init(void)
  18:../button.c   **** {
 1963              		.loc 1 18 0
 1964              		.cfi_startproc
 1965              		@ Function supports interworking.
 1966              		@ args = 0, pretend = 0, frame = 0
 1967              		@ frame_needed = 1, uses_anonymous_args = 0
 1968              		@ link register save eliminated.
 1969 0000 04B02DE5 		str	fp, [sp, #-4]!
 1970              	.LCFI0:
 1971              		.cfi_def_cfa_offset 4
 1972 0004 00B08DE2 		add	fp, sp, #0
 1973              		.cfi_offset 11, -4
 1974              	.LCFI1:
 1975              		.cfi_def_cfa_register 11
  19:../button.c   **** 	/* Configuracion del controlador de interrupciones */
  20:../button.c   **** 		// Borra EXTINTPND escribiendo 1s en el propio registro
  21:../button.c   **** 		rEXTINTPND = 0Xf;
 1976              		.loc 1 21 0
 1977 0008 88309FE5 		ldr	r3, .L2
 1978 000c 0F20A0E3 		mov	r2, #15
 1979 0010 002083E5 		str	r2, [r3, #0]
  22:../button.c   **** 		// Borra INTPND escribiendo 1s en I_ISPC
  23:../button.c   **** 		rI_ISPC = 0x3ffffff;
 1980              		.loc 1 23 0
 1981 0014 80309FE5 		ldr	r3, .L2+4
 1982 0018 3F23E0E3 		mvn	r2, #-67108864
 1983 001c 002083E5 		str	r2, [r3, #0]
  24:../button.c   **** 		// Configura las lineas como de tipo IRQ mediante INTMOD
  25:../button.c   **** 		rINTMOD = 0x0;
 1984              		.loc 1 25 0
 1985 0020 78309FE5 		ldr	r3, .L2+8
 1986 0024 0020A0E3 		mov	r2, #0
 1987 0028 002083E5 		str	r2, [r3, #0]
  26:../button.c   **** 		// Habilita int. vectorizadas y la linea IRQ (FIQ no) mediante INTCON
  27:../button.c   **** 		rINTCON = 0x1;
 1988              		.loc 1 27 0
 1989 002c 1E36A0E3 		mov	r3, #31457280
 1990 0030 0120A0E3 		mov	r2, #1
 1991 0034 002083E5 		str	r2, [r3, #0]
  28:../button.c   **** 		// Enmascara todas las lineas excepto Eint4567 y el bit global (INTMSK)
  29:../button.c   **** 		rINTMSK = ~(BIT_EINT4567 | BIT_GLOBAL);
 1992              		.loc 1 29 0
 1993 0038 64309FE5 		ldr	r3, .L2+12
 1994 003c 4226E0E3 		mvn	r2, #69206016
 1995 0040 002083E5 		str	r2, [r3, #0]
  30:../button.c   **** 		// Establecer la rutina de servicio para Eint4567
  31:../button.c   **** 		pISR_EINT4567 = (unsigned)Eint4567_ISR;
 1996              		.loc 1 31 0
 1997 0044 5C309FE5 		ldr	r3, .L2+16
 1998 0048 5C209FE5 		ldr	r2, .L2+20
 1999 004c 002083E5 		str	r2, [r3, #0]
  32:../button.c   **** 	/* Configuracion del puerto G */
  33:../button.c   **** 		// Establece la funcion de los pines (EINT7-EINT0)
  34:../button.c   **** 		rPCONG = 0xff3f;
 2000              		.loc 1 34 0
 2001 0050 58309FE5 		ldr	r3, .L2+24
 2002 0054 58209FE5 		ldr	r2, .L2+28
 2003 0058 002083E5 		str	r2, [r3, #0]
  35:../button.c   **** 		//Habilita las resistencias de pull-up
  36:../button.c   **** 		rPUPG = 0x0;
 2004              		.loc 1 36 0
 2005 005c 54309FE5 		ldr	r3, .L2+32
 2006 0060 0020A0E3 		mov	r2, #0
 2007 0064 002083E5 		str	r2, [r3, #0]
  37:../button.c   **** 		// Configura las lineas de int. como de flanco de bajada mediante EXTINT
  38:../button.c   **** 		rEXTINT = 0x22220000;
 2008              		.loc 1 38 0
 2009 0068 4C309FE5 		ldr	r3, .L2+36
 2010 006c 4C209FE5 		ldr	r2, .L2+40
 2011 0070 002083E5 		str	r2, [r3, #0]
  39:../button.c   **** 	/* Por precaucion, se vuelven a borrar los bits de INTPND y EXTINTPND */
  40:../button.c   **** 		rEXTINTPND = 0xf;
 2012              		.loc 1 40 0
 2013 0074 1C309FE5 		ldr	r3, .L2
 2014 0078 0F20A0E3 		mov	r2, #15
 2015 007c 002083E5 		str	r2, [r3, #0]
  41:../button.c   **** 		rI_ISPC = 0x3ffffff;
 2016              		.loc 1 41 0
 2017 0080 14309FE5 		ldr	r3, .L2+4
 2018 0084 3F23E0E3 		mvn	r2, #-67108864
 2019 0088 002083E5 		str	r2, [r3, #0]
  42:../button.c   **** }
 2020              		.loc 1 42 0
 2021 008c 00D08BE2 		add	sp, fp, #0
 2022 0090 04B09DE4 		ldmfd	sp!, {fp}
 2023 0094 1EFF2FE1 		bx	lr
 2024              	.L3:
 2025              		.align	2
 2026              	.L2:
 2027 0098 5400D201 		.word	30539860
 2028 009c 2400E001 		.word	31457316
 2029 00a0 0800E001 		.word	31457288
 2030 00a4 0C00E001 		.word	31457292
 2031 00a8 74FF7F0C 		.word	209715060
 2032 00ac 00000000 		.word	Eint4567_ISR
 2033 00b0 4000D201 		.word	30539840
 2034 00b4 3FFF0000 		.word	65343
 2035 00b8 4800D201 		.word	30539848
 2036 00bc 5000D201 		.word	30539856
 2037 00c0 00002222 		.word	572653568
 2038              		.cfi_endproc
 2039              	.LFE0:
 2041              		.comm	which_int,4,4
 2042              		.align	2
 2043              		.global	Eint4567_ISR
 2045              	Eint4567_ISR:
 2046              	.LFB1:
  43:../button.c   **** int which_int;
  44:../button.c   **** void Eint4567_ISR(void)
  45:../button.c   **** {
 2047              		.loc 1 45 0
 2048              		.cfi_startproc
 2049              		@ Interrupt Service Routine.
 2050              		@ args = 0, pretend = 0, frame = 0
 2051              		@ frame_needed = 1, uses_anonymous_args = 0
 2052 00c4 04E04EE2 		sub	lr, lr, #4
 2053 00c8 1F582DE9 		stmfd	sp!, {r0, r1, r2, r3, r4, fp, ip, lr}
 2054              	.LCFI2:
 2055              		.cfi_def_cfa_offset 32
 2056 00cc 1CB08DE2 		add	fp, sp, #28
 2057              		.cfi_offset 14, -4
 2058              		.cfi_offset 12, -8
 2059              		.cfi_offset 11, -12
 2060              		.cfi_offset 4, -16
 2061              		.cfi_offset 3, -20
 2062              		.cfi_offset 2, -24
 2063              		.cfi_offset 1, -28
 2064              		.cfi_offset 0, -32
 2065              	.LCFI3:
 2066              		.cfi_def_cfa 11, 4
  46:../button.c   **** 	which_int = rEXTINTPND;
 2067              		.loc 1 46 0
 2068 00d0 CC309FE5 		ldr	r3, .L8
 2069 00d4 003093E5 		ldr	r3, [r3, #0]
 2070 00d8 0320A0E1 		mov	r2, r3
 2071 00dc C4309FE5 		ldr	r3, .L8+4
 2072 00e0 002083E5 		str	r2, [r3, #0]
  47:../button.c   **** 	leds_off();
 2073              		.loc 1 47 0
 2074 00e4 FEFFFFEB 		bl	leds_off
  48:../button.c   **** 	switch (which_int) {
 2075              		.loc 1 48 0
 2076 00e8 B8309FE5 		ldr	r3, .L8+4
 2077 00ec 003093E5 		ldr	r3, [r3, #0]
 2078 00f0 040053E3 		cmp	r3, #4
 2079 00f4 0200000A 		beq	.L6
 2080 00f8 080053E3 		cmp	r3, #8
 2081 00fc 0D00000A 		beq	.L7
 2082 0100 190000EA 		b	.L5
 2083              	.L6:
 2084              	.LBB2:
  49:../button.c   **** 	   case 4 :
  50:../button.c   **** 		led1_on();
 2085              		.loc 1 50 0
 2086 0104 FEFFFFEB 		bl	led1_on
  51:../button.c   **** 		contador = ( contador + 1 ) % 16 ;
 2087              		.loc 1 51 0
 2088 0108 9C309FE5 		ldr	r3, .L8+8
 2089 010c 003093E5 		ldr	r3, [r3, #0]
 2090 0110 012083E2 		add	r2, r3, #1
 2091 0114 C23FA0E1 		mov	r3, r2, asr #31
 2092 0118 233EA0E1 		mov	r3, r3, lsr #28
 2093 011c 032082E0 		add	r2, r2, r3
 2094 0120 0F2002E2 		and	r2, r2, #15
 2095 0124 023063E0 		rsb	r3, r3, r2
 2096 0128 0320A0E1 		mov	r2, r3
 2097 012c 78309FE5 		ldr	r3, .L8+8
 2098 0130 002083E5 		str	r2, [r3, #0]
  52:../button.c   **** 	    break;
 2099              		.loc 1 52 0
 2100 0134 0C0000EA 		b	.L5
 2101              	.L7:
  53:../button.c   **** 	   case 8  :
  54:../button.c   **** 		   led2_on();
 2102              		.loc 1 54 0
 2103 0138 FEFFFFEB 		bl	led2_on
  55:../button.c   **** 		   contador = (contador -1 ) % 16 ;
 2104              		.loc 1 55 0
 2105 013c 68309FE5 		ldr	r3, .L8+8
 2106 0140 003093E5 		ldr	r3, [r3, #0]
 2107 0144 012043E2 		sub	r2, r3, #1
 2108 0148 C23FA0E1 		mov	r3, r2, asr #31
 2109 014c 233EA0E1 		mov	r3, r3, lsr #28
 2110 0150 032082E0 		add	r2, r2, r3
 2111 0154 0F2002E2 		and	r2, r2, #15
 2112 0158 023063E0 		rsb	r3, r3, r2
 2113 015c 0320A0E1 		mov	r2, r3
 2114 0160 44309FE5 		ldr	r3, .L8+8
 2115 0164 002083E5 		str	r2, [r3, #0]
  56:../button.c   **** 	      break;
 2116              		.loc 1 56 0
 2117 0168 0000A0E1 		mov	r0, r0	@ nop
 2118              	.L5:
 2119              	.LBE2:
  57:../button.c   **** 
  58:../button.c   **** 	}
  59:../button.c   **** 	D8Led_symbol(contador);
 2120              		.loc 1 59 0
 2121 016c 38309FE5 		ldr	r3, .L8+8
 2122 0170 003093E5 		ldr	r3, [r3, #0]
 2123 0174 0300A0E1 		mov	r0, r3
 2124 0178 FEFFFFEB 		bl	D8Led_symbol
  60:../button.c   **** 	DelayMs(100);
 2125              		.loc 1 60 0
 2126 017c 6400A0E3 		mov	r0, #100
 2127 0180 FEFFFFEB 		bl	DelayMs
  61:../button.c   **** 	rEXTINTPND = 0xC;
 2128              		.loc 1 61 0
 2129 0184 18309FE5 		ldr	r3, .L8
 2130 0188 0C20A0E3 		mov	r2, #12
 2131 018c 002083E5 		str	r2, [r3, #0]
  62:../button.c   **** 	rI_ISPC = BIT_EINT4567;
 2132              		.loc 1 62 0
 2133 0190 18309FE5 		ldr	r3, .L8+12
 2134 0194 0226A0E3 		mov	r2, #2097152
 2135 0198 002083E5 		str	r2, [r3, #0]
  63:../button.c   **** }
 2136              		.loc 1 63 0
 2137 019c 1CD04BE2 		sub	sp, fp, #28
 2138 01a0 1F98FDE8 		ldmfd	sp!, {r0, r1, r2, r3, r4, fp, ip, pc}^
 2139              	.L9:
 2140              		.align	2
 2141              	.L8:
 2142 01a4 5400D201 		.word	30539860
 2143 01a8 00000000 		.word	which_int
 2144 01ac 00000000 		.word	contador
 2145 01b0 2400E001 		.word	31457316
 2146              		.cfi_endproc
 2147              	.LFE1:
 2149              	.Letext0:
DEFINED SYMBOLS
                            *ABS*:00000000 button.c
C:\Users\amali\AppData\Local\Temp\ccZyn87x.s:1955   .bss:00000000 symbol
C:\Users\amali\AppData\Local\Temp\ccZyn87x.s:1952   .bss:00000000 $d
C:\Users\amali\AppData\Local\Temp\ccZyn87x.s:1958   .text:00000000 $a
C:\Users\amali\AppData\Local\Temp\ccZyn87x.s:1961   .text:00000000 Eint4567_init
C:\Users\amali\AppData\Local\Temp\ccZyn87x.s:2027   .text:00000098 $d
C:\Users\amali\AppData\Local\Temp\ccZyn87x.s:2045   .text:000000c4 Eint4567_ISR
                            *COM*:00000004 which_int
C:\Users\amali\AppData\Local\Temp\ccZyn87x.s:2042   .text:000000c4 $a
C:\Users\amali\AppData\Local\Temp\ccZyn87x.s:2142   .text:000001a4 $d
                     .debug_frame:00000010 $d

UNDEFINED SYMBOLS
leds_off
led1_on
led2_on
D8Led_symbol
DelayMs
contador
